-------------------------------------------------------------------------------
Test set: bdd.ExamplesTest
-------------------------------------------------------------------------------
Tests run: 1, Failures: 1, Errors: 0, Skipped: 0, Time elapsed: 6.283 s <<< FAILURE! - in bdd.ExamplesTest
bdd.ExamplesTest.testParallel  Time elapsed: 6.248 s  <<< FAILURE!
org.opentest4j.AssertionFailedError: 
http call failed after 416 milliseconds for url: https://jsonplaceholder.typicode/users
java.net.UnknownHostException: Host desconocido (jsonplaceholder.typicode)
classpath:bdd/users/users.feature:12 ==> expected: <0> but was: <1>
	at org.junit.jupiter.api.AssertionFailureBuilder.build(AssertionFailureBuilder.java:151)
	at org.junit.jupiter.api.AssertionFailureBuilder.buildAndThrow(AssertionFailureBuilder.java:132)
	at org.junit.jupiter.api.AssertEquals.failNotEqual(AssertEquals.java:197)
	at org.junit.jupiter.api.AssertEquals.assertEquals(AssertEquals.java:150)
	at org.junit.jupiter.api.Assertions.assertEquals(Assertions.java:563)
	at bdd.ExamplesTest.testParallel(ExamplesTest.java:15)
	at java.base/java.lang.reflect.Method.invoke(Method.java:568)
	at java.base/java.util.ArrayList.forEach(ArrayList.java:1511)
	at java.base/java.util.ArrayList.forEach(ArrayList.java:1511)

