<?xml version="1.0" encoding="UTF-8"?>
<testsuite xmlns:xsi="http://www.w3.org/2001/XMLSchema-instance" xsi:noNamespaceSchemaLocation="https://maven.apache.org/surefire/maven-surefire-plugin/xsd/surefire-test-report-3.0.xsd" version="3.0" name="bdd.ExamplesTest" time="6.283" tests="1" errors="0" skipped="0" failures="1">
  <properties>
[...]
</properties>
  <testcase name="testParallel" classname="bdd.ExamplesTest" time="6.248">
    <failure message="http call failed after 416 milliseconds for url: https://jsonplaceholder.typicode/users&#10;java.net.UnknownHostException: Host desconocido (jsonplaceholder.typicode)&#10;classpath:bdd/users/users.feature:12 ==&gt; expected: &lt;0&gt; but was: &lt;1&gt;" type="org.opentest4j.AssertionFailedError"><![CDATA[org.opentest4j.AssertionFailedError: 
http call failed after 416 milliseconds for url: https://jsonplaceholder.typicode/users
java.net.UnknownHostException: Host desconocido (jsonplaceholder.typicode)
classpath:bdd/users/users.feature:12 ==> expected: <0> but was: <1>
	at org.junit.jupiter.api.AssertionFailureBuilder.build(AssertionFailureBuilder.java:151)
	at org.junit.jupiter.api.AssertionFailureBuilder.buildAndThrow(AssertionFailureBuilder.java:132)
	at org.junit.jupiter.api.AssertEquals.failNotEqual(AssertEquals.java:197)
	at org.junit.jupiter.api.AssertEquals.assertEquals(AssertEquals.java:150)
	at org.junit.jupiter.api.Assertions.assertEquals(Assertions.java:563)
	at bdd.ExamplesTest.testParallel(ExamplesTest.java:15)
	at java.base/java.lang.reflect.Method.invoke(Method.java:568)
	at java.base/java.util.ArrayList.forEach(ArrayList.java:1511)
	at java.base/java.util.ArrayList.forEach(ArrayList.java:1511)
]]></failure>
    <system-out><![CDATA[00:04:25.289 [main] INFO  com.intuit.karate.Runner - using system property 'karate.options': --tags @regresion
00:04:25.468 [main] INFO  com.intuit.karate.Runner - using system property 'karate.env': cert
00:04:26.476 [main] DEBUG com.intuit.karate.Suite - [config] classpath:karate-config.js
00:04:26.487 [main] INFO  com.intuit.karate.Suite - backed up existing 'target\karate-reports' dir to: target\karate-reports_1755839066483
00:04:28.029 [pool-2-thread-1] INFO  com.intuit.karate - karate.env system property was: cert 
00:04:28.082 [pool-2-thread-2] INFO  com.intuit.karate - karate.env system property was: cert 
00:04:28.085 [pool-2-thread-5] INFO  com.intuit.karate - karate.env system property was: cert 
00:04:28.102 [pool-2-thread-4] INFO  com.intuit.karate - karate.env system property was: cert 
00:04:28.108 [pool-2-thread-3] INFO  com.intuit.karate - karate.env system property was: cert 
00:04:28.561 [pool-2-thread-1] DEBUG com.intuit.karate - request:
1 > GET https://jsonplaceholder.typicode/users
1 > Content-Type: application/json
1 > Host: jsonplaceholder.typicode
1 > Connection: Keep-Alive
1 > User-Agent: Apache-HttpClient/4.5.14 (Java/17.0.4)
1 > Accept-Encoding: gzip,deflate


00:04:28.561 [pool-2-thread-3] DEBUG com.intuit.karate - request:
1 > POST https://jsonplaceholder.typicode.com/users
1 > Content-Type: application/json; charset=UTF-8
1 > Content-Length: 160
1 > Host: jsonplaceholder.typicode.com
1 > Connection: Keep-Alive
1 > User-Agent: Apache-HttpClient/4.5.14 (Java/17.0.4)
1 > Accept-Encoding: gzip,deflate
{"name":"Alice Smith","username":"alices","email":"alice@mail.com","address":{"street":"Maple Street","suite":"Suite 45B","city":"Lima","zipcode":"11111-2222"}}

00:04:28.561 [pool-2-thread-4] DEBUG com.intuit.karate - request:
1 > POST https://jsonplaceholder.typicode.com/users
1 > Content-Type: application/json; charset=UTF-8
1 > Content-Length: 152
1 > Host: jsonplaceholder.typicode.com
1 > Connection: Keep-Alive
1 > User-Agent: Apache-HttpClient/4.5.14 (Java/17.0.4)
1 > Accept-Encoding: gzip,deflate
{"name":"Bob Johnson","username":"bobj","email":"bob@work.net","address":{"street":"Oak Avenue","suite":"Apt. 7A","city":"Lima","zipcode":"22222-3333"}}

00:04:28.561 [pool-2-thread-2] DEBUG com.intuit.karate - request:
1 > POST https://jsonplaceholder.typicode.com/users
1 > Content-Type: application/json; charset=UTF-8
1 > Content-Length: 157
1 > Host: jsonplaceholder.typicode.com
1 > Connection: Keep-Alive
1 > User-Agent: Apache-HttpClient/4.5.14 (Java/17.0.4)
1 > Accept-Encoding: gzip,deflate
{"name":"Test User","username":"testuser","email":"test@user.com","address":{"street":"Has No Name","suite":"Apt. 123","city":"Lima","zipcode":"54321-6789"}}

00:04:28.561 [pool-2-thread-5] DEBUG com.intuit.karate - request:
1 > POST https://jsonplaceholder.typicode.com/users
1 > Content-Type: application/json; charset=UTF-8
1 > Content-Length: 158
1 > Host: jsonplaceholder.typicode.com
1 > Connection: Keep-Alive
1 > User-Agent: Apache-HttpClient/4.5.14 (Java/17.0.4)
1 > Accept-Encoding: gzip,deflate
{"name":"Carla Lopez","username":"carlal","email":"carla@example.org","address":{"street":"Pine Road","suite":"Block 9","city":"Lima","zipcode":"33333-4444"}}

00:04:28.592 [pool-2-thread-1] ERROR com.intuit.karate - java.net.UnknownHostException: Host desconocido (jsonplaceholder.typicode), http call failed after 416 milliseconds for url: https://jsonplaceholder.typicode/users
00:04:28.596 [pool-2-thread-1] ERROR com.intuit.karate - classpath:bdd/users/users.feature:12
When method get
http call failed after 416 milliseconds for url: https://jsonplaceholder.typicode/users
java.net.UnknownHostException: Host desconocido (jsonplaceholder.typicode)
classpath:bdd/users/users.feature:12
00:04:28.610 [pool-2-thread-1] INFO  com.intuit.karate - karate.env system property was: cert 
00:04:28.628 [pool-2-thread-1] DEBUG com.intuit.karate - request:
1 > POST https://jsonplaceholder.typicode.com/users
1 > Content-Type: application/json; charset=UTF-8
1 > Content-Length: 161
1 > Host: jsonplaceholder.typicode.com
1 > Connection: Keep-Alive
1 > User-Agent: Apache-HttpClient/4.5.14 (Java/17.0.4)
1 > Accept-Encoding: gzip,deflate
{"name":"David Kim","username":"dkim2025","email":"david.kim@test.io","address":{"street":"Cedar Drive","suite":"Floor 12","city":"Lima","zipcode":"44444-5555"}}

00:04:29.360 [pool-2-thread-1] DEBUG com.intuit.karate - response time in milliseconds: 729
1 < 201
1 < Date: Fri, 22 Aug 2025 05:04:29 GMT
1 < Content-Type: application/json; charset=utf-8
1 < Content-Length: 217
1 < Connection: keep-alive
1 < Access-Control-Allow-Credentials: true
1 < Access-Control-Expose-Headers: Location
1 < Cache-Control: no-cache
1 < Etag: W/"d9-1wD4UVbBPhEjAvTufrTpPuPiqhc"
1 < Expires: -1
1 < Location: https://jsonplaceholder.typicode.com/users/11
1 < Nel: {"report_to":"heroku-nel","response_headers":["Via"],"max_age":3600,"success_fraction":0.01,"failure_fraction":0.1}
1 < Pragma: no-cache
1 < Report-To: {"group":"heroku-nel","endpoints":[{"url":"https://nel.heroku.com/reports?s=NKo%2Fo%2FdT%2BhW9C9ZXUy%2Bs3170b%2Fwbs5kyFSWen7rL0%2BU%3D\u0026sid=e11707d5-02a7-43ef-b45e-2cf4d2036f7d\u0026ts=1755839069"}],"max_age":3600}
1 < Reporting-Endpoints: heroku-nel="https://nel.heroku.com/reports?s=NKo%2Fo%2FdT%2BhW9C9ZXUy%2Bs3170b%2Fwbs5kyFSWen7rL0%2BU%3D&sid=e11707d5-02a7-43ef-b45e-2cf4d2036f7d&ts=1755839069"
1 < Server: cloudflare
1 < Vary: Origin, X-HTTP-Method-Override, Accept-Encoding
1 < Via: 2.0 heroku-router
1 < X-Content-Type-Options: nosniff
1 < X-Powered-By: Express
1 < X-Ratelimit-Limit: 1000
1 < X-Ratelimit-Remaining: 999
1 < X-Ratelimit-Reset: 1755839122
1 < Cf-Cache-Status: DYNAMIC
1 < Server-Timing: cfCacheStatus;desc="DYNAMIC"
1 < Server-Timing: cfEdge;dur=5,cfOrigin;dur=4
1 < CF-RAY: 972fd4656b41787b-IAD
1 < alt-svc: h3=":443"; ma=86400
{
  "name": "David Kim",
  "username": "dkim2025",
  "email": "david.kim@test.io",
  "address": {
    "street": "Cedar Drive",
    "suite": "Floor 12",
    "city": "Lima",
    "zipcode": "44444-5555"
  },
  "id": 11
}

00:04:29.367 [pool-2-thread-1] INFO  com.intuit.karate - [print] request body:  {
  "name": "David Kim",
  "username": "dkim2025",
  "email": "david.kim@test.io",
  "address": {
    "street": "Cedar Drive",
    "suite": "Floor 12",
    "city": "Lima",
    "zipcode": "44444-5555"
  }
}
 
00:04:29.374 [pool-2-thread-1] INFO  com.intuit.karate - [print] response:  {
  "name": "David Kim",
  "username": "dkim2025",
  "email": "david.kim@test.io",
  "address": {
    "street": "Cedar Drive",
    "suite": "Floor 12",
    "city": "Lima",
    "zipcode": "44444-5555"
  },
  "id": 11
}
 
00:04:29.377 [pool-2-thread-4] DEBUG com.intuit.karate - response time in milliseconds: 813
1 < 201
1 < Date: Fri, 22 Aug 2025 05:04:29 GMT
1 < Content-Type: application/json; charset=utf-8
1 < Content-Length: 208
1 < Connection: keep-alive
1 < Access-Control-Allow-Credentials: true
1 < Access-Control-Expose-Headers: Location
1 < Cache-Control: no-cache
1 < Etag: W/"d0-q0jOsLfytlvVlcU6mAJCpHX0Pd4"
1 < Expires: -1
1 < Location: https://jsonplaceholder.typicode.com/users/11
1 < Nel: {"report_to":"heroku-nel","response_headers":["Via"],"max_age":3600,"success_fraction":0.01,"failure_fraction":0.1}
1 < Pragma: no-cache
1 < Report-To: {"group":"heroku-nel","endpoints":[{"url":"https://nel.heroku.com/reports?s=NKo%2Fo%2FdT%2BhW9C9ZXUy%2Bs3170b%2Fwbs5kyFSWen7rL0%2BU%3D\u0026sid=e11707d5-02a7-43ef-b45e-2cf4d2036f7d\u0026ts=1755839069"}],"max_age":3600}
1 < Reporting-Endpoints: heroku-nel="https://nel.heroku.com/reports?s=NKo%2Fo%2FdT%2BhW9C9ZXUy%2Bs3170b%2Fwbs5kyFSWen7rL0%2BU%3D&sid=e11707d5-02a7-43ef-b45e-2cf4d2036f7d&ts=1755839069"
1 < Server: cloudflare
1 < Vary: Origin, X-HTTP-Method-Override, Accept-Encoding
1 < Via: 2.0 heroku-router
1 < X-Content-Type-Options: nosniff
1 < X-Powered-By: Express
1 < X-Ratelimit-Limit: 1000
1 < X-Ratelimit-Remaining: 998
1 < X-Ratelimit-Reset: 1755839122
1 < Cf-Cache-Status: DYNAMIC
1 < Server-Timing: cfCacheStatus;desc="DYNAMIC"
1 < Server-Timing: cfEdge;dur=2,cfOrigin;dur=15
1 < CF-RAY: 972fd4656f1f55eb-IAD
1 < alt-svc: h3=":443"; ma=86400
{
  "name": "Bob Johnson",
  "username": "bobj",
  "email": "bob@work.net",
  "address": {
    "street": "Oak Avenue",
    "suite": "Apt. 7A",
    "city": "Lima",
    "zipcode": "22222-3333"
  },
  "id": 11
}

00:04:29.381 [pool-2-thread-1] INFO  com.intuit.karate - [print] created id is:  11 
00:04:29.382 [pool-2-thread-4] INFO  com.intuit.karate - [print] request body:  {
  "name": "Bob Johnson",
  "username": "bobj",
  "email": "bob@work.net",
  "address": {
    "street": "Oak Avenue",
    "suite": "Apt. 7A",
    "city": "Lima",
    "zipcode": "22222-3333"
  }
}
 
00:04:29.385 [pool-2-thread-4] INFO  com.intuit.karate - [print] response:  {
  "name": "Bob Johnson",
  "username": "bobj",
  "email": "bob@work.net",
  "address": {
    "street": "Oak Avenue",
    "suite": "Apt. 7A",
    "city": "Lima",
    "zipcode": "22222-3333"
  },
  "id": 11
}
 
00:04:29.389 [pool-2-thread-4] INFO  com.intuit.karate - [print] created id is:  11 
00:04:29.513 [pool-2-thread-3] DEBUG com.intuit.karate - response time in milliseconds: 950
1 < 201
1 < Date: Fri, 22 Aug 2025 05:04:29 GMT
1 < Content-Type: application/json; charset=utf-8
1 < Content-Length: 216
1 < Connection: keep-alive
1 < Access-Control-Allow-Credentials: true
1 < Access-Control-Expose-Headers: Location
1 < Cache-Control: no-cache
1 < Etag: W/"d8-++GD30o/Hin3zroIPbg9/sHhHXg"
1 < Expires: -1
1 < Location: https://jsonplaceholder.typicode.com/users/11
1 < Nel: {"report_to":"heroku-nel","response_headers":["Via"],"max_age":3600,"success_fraction":0.01,"failure_fraction":0.1}
1 < Pragma: no-cache
1 < Report-To: {"group":"heroku-nel","endpoints":[{"url":"https://nel.heroku.com/reports?s=NKo%2Fo%2FdT%2BhW9C9ZXUy%2Bs3170b%2Fwbs5kyFSWen7rL0%2BU%3D\u0026sid=e11707d5-02a7-43ef-b45e-2cf4d2036f7d\u0026ts=1755839069"}],"max_age":3600}
1 < Reporting-Endpoints: heroku-nel="https://nel.heroku.com/reports?s=NKo%2Fo%2FdT%2BhW9C9ZXUy%2Bs3170b%2Fwbs5kyFSWen7rL0%2BU%3D&sid=e11707d5-02a7-43ef-b45e-2cf4d2036f7d&ts=1755839069"
1 < Server: cloudflare
1 < Vary: Origin, X-HTTP-Method-Override, Accept-Encoding
1 < Via: 2.0 heroku-router
1 < X-Content-Type-Options: nosniff
1 < X-Powered-By: Express
1 < X-Ratelimit-Limit: 1000
1 < X-Ratelimit-Remaining: 997
1 < X-Ratelimit-Reset: 1755839122
1 < Cf-Cache-Status: DYNAMIC
1 < Server-Timing: cfCacheStatus;desc="DYNAMIC"
1 < Server-Timing: cfEdge;dur=9,cfOrigin;dur=76
1 < CF-RAY: 972fd4657f04607d-ORD
1 < alt-svc: h3=":443"; ma=86400
{
  "name": "Alice Smith",
  "username": "alices",
  "email": "alice@mail.com",
  "address": {
    "street": "Maple Street",
    "suite": "Suite 45B",
    "city": "Lima",
    "zipcode": "11111-2222"
  },
  "id": 11
}

00:04:29.513 [pool-2-thread-5] DEBUG com.intuit.karate - response time in milliseconds: 950
1 < 201
1 < Date: Fri, 22 Aug 2025 05:04:29 GMT
1 < Content-Type: application/json; charset=utf-8
1 < Content-Length: 214
1 < Connection: keep-alive
1 < Access-Control-Allow-Credentials: true
1 < Access-Control-Expose-Headers: Location
1 < Cache-Control: no-cache
1 < Etag: W/"d6-XEZ+S344nNCUUY5Hwx2a0BaWvsE"
1 < Expires: -1
1 < Location: https://jsonplaceholder.typicode.com/users/11
1 < Nel: {"report_to":"heroku-nel","response_headers":["Via"],"max_age":3600,"success_fraction":0.01,"failure_fraction":0.1}
1 < Pragma: no-cache
1 < Report-To: {"group":"heroku-nel","endpoints":[{"url":"https://nel.heroku.com/reports?s=NKo%2Fo%2FdT%2BhW9C9ZXUy%2Bs3170b%2Fwbs5kyFSWen7rL0%2BU%3D\u0026sid=e11707d5-02a7-43ef-b45e-2cf4d2036f7d\u0026ts=1755839069"}],"max_age":3600}
1 < Reporting-Endpoints: heroku-nel="https://nel.heroku.com/reports?s=NKo%2Fo%2FdT%2BhW9C9ZXUy%2Bs3170b%2Fwbs5kyFSWen7rL0%2BU%3D&sid=e11707d5-02a7-43ef-b45e-2cf4d2036f7d&ts=1755839069"
1 < Server: cloudflare
1 < Vary: Origin, X-HTTP-Method-Override, Accept-Encoding
1 < Via: 2.0 heroku-router
1 < X-Content-Type-Options: nosniff
1 < X-Powered-By: Express
1 < X-Ratelimit-Limit: 1000
1 < X-Ratelimit-Remaining: 996
1 < X-Ratelimit-Reset: 1755839122
1 < Cf-Cache-Status: DYNAMIC
1 < Server-Timing: cfCacheStatus;desc="DYNAMIC"
1 < Server-Timing: cfEdge;dur=3,cfOrigin;dur=86
1 < CF-RAY: 972fd465ab421b44-CDG
1 < alt-svc: h3=":443"; ma=86400
{
  "name": "Carla Lopez",
  "username": "carlal",
  "email": "carla@example.org",
  "address": {
    "street": "Pine Road",
    "suite": "Block 9",
    "city": "Lima",
    "zipcode": "33333-4444"
  },
  "id": 11
}

00:04:29.519 [pool-2-thread-5] INFO  com.intuit.karate - [print] request body:  {
  "name": "Carla Lopez",
  "username": "carlal",
  "email": "carla@example.org",
  "address": {
    "street": "Pine Road",
    "suite": "Block 9",
    "city": "Lima",
    "zipcode": "33333-4444"
  }
}
 
00:04:29.521 [pool-2-thread-3] INFO  com.intuit.karate - [print] request body:  {
  "name": "Alice Smith",
  "username": "alices",
  "email": "alice@mail.com",
  "address": {
    "street": "Maple Street",
    "suite": "Suite 45B",
    "city": "Lima",
    "zipcode": "11111-2222"
  }
}
 
00:04:29.521 [pool-2-thread-5] INFO  com.intuit.karate - [print] response:  {
  "name": "Carla Lopez",
  "username": "carlal",
  "email": "carla@example.org",
  "address": {
    "street": "Pine Road",
    "suite": "Block 9",
    "city": "Lima",
    "zipcode": "33333-4444"
  },
  "id": 11
}
 
00:04:29.523 [pool-2-thread-3] INFO  com.intuit.karate - [print] response:  {
  "name": "Alice Smith",
  "username": "alices",
  "email": "alice@mail.com",
  "address": {
    "street": "Maple Street",
    "suite": "Suite 45B",
    "city": "Lima",
    "zipcode": "11111-2222"
  },
  "id": 11
}
 
00:04:29.524 [pool-2-thread-5] INFO  com.intuit.karate - [print] created id is:  11 
00:04:29.526 [pool-2-thread-3] INFO  com.intuit.karate - [print] created id is:  11 
00:04:29.759 [pool-2-thread-2] DEBUG com.intuit.karate - response time in milliseconds: 1196
1 < 201
1 < Date: Fri, 22 Aug 2025 05:04:29 GMT
1 < Content-Type: application/json; charset=utf-8
1 < Content-Length: 213
1 < Connection: keep-alive
1 < Access-Control-Allow-Credentials: true
1 < Access-Control-Expose-Headers: Location
1 < Cache-Control: no-cache
1 < Etag: W/"d5-lobPlkA2OG3FD/7HF6E+d2XgrU0"
1 < Expires: -1
1 < Location: https://jsonplaceholder.typicode.com/users/11
1 < Nel: {"report_to":"heroku-nel","response_headers":["Via"],"max_age":3600,"success_fraction":0.01,"failure_fraction":0.1}
1 < Pragma: no-cache
1 < Report-To: {"group":"heroku-nel","endpoints":[{"url":"https://nel.heroku.com/reports?s=NKo%2Fo%2FdT%2BhW9C9ZXUy%2Bs3170b%2Fwbs5kyFSWen7rL0%2BU%3D\u0026sid=e11707d5-02a7-43ef-b45e-2cf4d2036f7d\u0026ts=1755839069"}],"max_age":3600}
1 < Reporting-Endpoints: heroku-nel="https://nel.heroku.com/reports?s=NKo%2Fo%2FdT%2BhW9C9ZXUy%2Bs3170b%2Fwbs5kyFSWen7rL0%2BU%3D&sid=e11707d5-02a7-43ef-b45e-2cf4d2036f7d&ts=1755839069"
1 < Server: cloudflare
1 < Vary: Origin, X-HTTP-Method-Override, Accept-Encoding
1 < Via: 2.0 heroku-router
1 < X-Content-Type-Options: nosniff
1 < X-Powered-By: Express
1 < X-Ratelimit-Limit: 1000
1 < X-Ratelimit-Remaining: 995
1 < X-Ratelimit-Reset: 1755839122
1 < Cf-Cache-Status: DYNAMIC
1 < Server-Timing: cfCacheStatus;desc="DYNAMIC"
1 < Server-Timing: cfEdge;dur=4,cfOrigin;dur=255
1 < CF-RAY: 972fd465a929647a-CDG
1 < alt-svc: h3=":443"; ma=86400
{
  "name": "Test User",
  "username": "testuser",
  "email": "test@user.com",
  "address": {
    "street": "Has No Name",
    "suite": "Apt. 123",
    "city": "Lima",
    "zipcode": "54321-6789"
  },
  "id": 11
}

00:04:29.762 [pool-2-thread-2] INFO  com.intuit.karate - [print] request body:  {
  "name": "Test User",
  "username": "testuser",
  "email": "test@user.com",
  "address": {
    "street": "Has No Name",
    "suite": "Apt. 123",
    "city": "Lima",
    "zipcode": "54321-6789"
  }
}
 
00:04:29.764 [pool-2-thread-2] INFO  com.intuit.karate - [print] response:  {
  "name": "Test User",
  "username": "testuser",
  "email": "test@user.com",
  "address": {
    "street": "Has No Name",
    "suite": "Apt. 123",
    "city": "Lima",
    "zipcode": "54321-6789"
  },
  "id": 11
}
 
00:04:29.766 [pool-2-thread-2] INFO  com.intuit.karate - [print] created id is:  11 
---------------------------------------------------------
feature: classpath:bdd/users/users.feature
scenarios:  6 | passed:  5 | failed:  1 | time: 6.8659
---------------------------------------------------------

00:04:30.798 [pool-3-thread-1] INFO  com.intuit.karate.Suite - <<fail>> feature 1 of 1 (0 remaining) classpath:bdd/users/users.feature
Karate version: 1.5.0 | env: cert
======================================================
elapsed:   5.52 | threads:    5 | thread time: 6.87 
features:     1 | skipped:    0 | efficiency: 0.25
scenarios:    6 | passed:     5 | failed: 1
======================================================
>>> failed features:
http call failed after 416 milliseconds for url: https://jsonplaceholder.typicode/users
java.net.UnknownHostException: Host desconocido (jsonplaceholder.typicode)
classpath:bdd/users/users.feature:12
<<<

HTML report: (paste into browser to view) | Karate version: 1.5.0 | env: cert
file:///D:/PROYECTOS/AUTOMATIZACION/apis-automation-karate/target/karate-reports/karate-summary.html
===================================================================

]]></system-out>
  </testcase>
</testsuite>